0 info it worked if it ends with ok
1 verbose cli [ '/usr/local/bin/node',
1 verbose cli   '/usr/local/bin/npm',
1 verbose cli   'install',
1 verbose cli   '--save',
1 verbose cli   'nodegit' ]
2 info using npm@1.4.28
3 info using node@v0.10.35
4 warn package.json tagplusplus@1.0.0 No README data
5 verbose readDependencies using package.json deps
6 verbose cache add [ 'nodegit', null ]
7 verbose cache add name=undefined spec="nodegit" args=["nodegit",null]
8 verbose parsed url { protocol: null,
8 verbose parsed url   slashes: null,
8 verbose parsed url   auth: null,
8 verbose parsed url   host: null,
8 verbose parsed url   port: null,
8 verbose parsed url   hostname: null,
8 verbose parsed url   hash: null,
8 verbose parsed url   search: null,
8 verbose parsed url   query: null,
8 verbose parsed url   pathname: 'nodegit',
8 verbose parsed url   path: 'nodegit',
8 verbose parsed url   href: 'nodegit' }
9 silly lockFile c2eb15f7-nodegit nodegit
10 verbose lock nodegit /home/simon/.npm/c2eb15f7-nodegit.lock
11 silly lockFile c2eb15f7-nodegit nodegit
12 error Error: Attempt to unlock nodegit, which hasn't been locked
12 error     at unlock (/usr/local/lib/node_modules/npm/lib/utils/locker.js:44:11)
12 error     at cb (/usr/local/lib/node_modules/npm/lib/cache/add-local.js:30:5)
12 error     at /usr/local/lib/node_modules/npm/lib/cache/add-local.js:47:20
12 error     at /usr/local/lib/node_modules/npm/lib/utils/locker.js:30:7
12 error     at cb (/usr/local/lib/node_modules/npm/node_modules/lockfile/lockfile.js:149:38)
12 error     at /usr/local/lib/node_modules/npm/node_modules/lockfile/lockfile.js:177:38
12 error     at Object.oncomplete (fs.js:108:15)
13 error If you need help, you may report this *entire* log,
13 error including the npm and node versions, at:
13 error     <http://github.com/npm/npm/issues>
14 error System Linux 3.13.0-48-generic
15 error command "/usr/local/bin/node" "/usr/local/bin/npm" "install" "--save" "nodegit"
16 error cwd /home/simon/Projects/js/libraries/tagplusplus
17 error node -v v0.10.35
18 error npm -v 1.4.28
19 verbose exit [ 1, true ]
